<?xml version="1.0" encoding="UTF-8"?>
<!-- Generated by org.testng.reporters.JUnitReportReporter -->
<testsuite hostname="FOCUS-QA-10" name="com.focus.testcases.ExchangeRateAndExchangeRateHistoryTest" tests="15" failures="0" timestamp="26 Dec 2022 17:33:20 GMT" time="134.347" errors="0">
  <testcase name="checkOpenExchangeRateHistory" time="4.294" classname="com.focus.testcases.ExchangeRateAndExchangeRateHistoryTest"/>
  <testcase name="checkDateOptionasCurrentYearinExchangeRateHistory" time="7.191" classname="com.focus.testcases.ExchangeRateAndExchangeRateHistoryTest"/>
  <testcase name="checkDateOptionasLastMonthinExchangeRateHistory" time="7.187" classname="com.focus.testcases.ExchangeRateAndExchangeRateHistoryTest"/>
  <testcase name="checkExchangeRateHistoryLoadButtonWithBaseCurrency" time="17.965" classname="com.focus.testcases.ExchangeRateAndExchangeRateHistoryTest"/>
  <testcase name="checkDateOptionasLastYearinExchangeRateHistory" time="6.692" classname="com.focus.testcases.ExchangeRateAndExchangeRateHistoryTest"/>
  <testcase name="checkUpdateExchangeRate" time="12.027" classname="com.focus.testcases.ExchangeRateAndExchangeRateHistoryTest"/>
  <testcase name="checkDateRangeOptionAsOnDateinExchangeRateHistory" time="9.022" classname="com.focus.testcases.ExchangeRateAndExchangeRateHistoryTest"/>
  <testcase name="checkOpenExchangeRate" time="4.664" classname="com.focus.testcases.ExchangeRateAndExchangeRateHistoryTest"/>
  <testcase name="checkDateOptionasCurrentWeekinExchangeRateHistory" time="7.201" classname="com.focus.testcases.ExchangeRateAndExchangeRateHistoryTest"/>
  <testcase name="checkDateOptionasCurrentMonthinExchangeRateHistory" time="7.216" classname="com.focus.testcases.ExchangeRateAndExchangeRateHistoryTest"/>
  <testcase name="checkDateOptionasTodayinExchangeRateHistory" time="7.197" classname="com.focus.testcases.ExchangeRateAndExchangeRateHistoryTest"/>
  <testcase name="checkDeleteOptionInExchangeRate" time="9.635" classname="com.focus.testcases.ExchangeRateAndExchangeRateHistoryTest"/>
  <testcase name="checkDateOptionasLastWeekinExchangeRateHistory" time="7.167" classname="com.focus.testcases.ExchangeRateAndExchangeRateHistoryTest"/>
  <testcase name="checkExchangeRateHistoryAfterUpdating" time="11.935" classname="com.focus.testcases.ExchangeRateAndExchangeRateHistoryTest"/>
  <testcase name="checkSavingCurrencyExchnageRate" time="14.954" classname="com.focus.testcases.ExchangeRateAndExchangeRateHistoryTest"/>
</testsuite> <!-- com.focus.testcases.ExchangeRateAndExchangeRateHistoryTest -->
