<?xml version="1.0" encoding="UTF-8"?>
<!-- Generated by org.testng.reporters.JUnitReportReporter -->
<testsuite hostname="FOCUS-QA-4" name="com.focus.testcases.CompanyOptionsTest" tests="11" failures="0" timestamp="22 Jun 2021 16:50:35 GMT" time="141.536" errors="0">
  <testcase name="checkLogOutAndLoginAfterEditCompany" time="14.739" classname="com.focus.testcases.CompanyOptionsTest"/>
  <testcase name="checkRestoreCompanyForSanity" time="29.376" classname="com.focus.testcases.CompanyOptionsTest"/>
  <testcase name="verifyCloseEditCompanyPageClickOnCancelButton" time="1.295" classname="com.focus.testcases.CompanyOptionsTest"/>
  <testcase name="verifyAvailabilityOptionsInAboutIdQuickAccessMenu" time="4.144" classname="com.focus.testcases.CompanyOptionsTest"/>
  <testcase name="checkLogin" time="48.257" classname="com.focus.testcases.CompanyOptionsTest"/>
  <testcase name="verifySelectEditCompanyFromSearch" time="10.661" classname="com.focus.testcases.CompanyOptionsTest"/>
  <testcase name="verifyAvailabilityOptionsInWrapperLayout" time="0.918" classname="com.focus.testcases.CompanyOptionsTest"/>
  <testcase name="verifySearchOptionByInputingEditCompany" time="3.024" classname="com.focus.testcases.CompanyOptionsTest"/>
  <testcase name="verifyAlertByUpdatingCompanyClickOnOkButton" time="8.038" classname="com.focus.testcases.CompanyOptionsTest"/>
  <testcase name="checkDeleteCompanyOptionInSearch" time="18.403" classname="com.focus.testcases.CompanyOptionsTest"/>
  <testcase name="verifyClickOnAbout" time="2.681" classname="com.focus.testcases.CompanyOptionsTest"/>
</testsuite> <!-- com.focus.testcases.CompanyOptionsTest -->
