<?xml version="1.0" encoding="UTF-8"?>
<!-- Generated by org.testng.reporters.JUnitReportReporter -->
<testsuite hostname="FOCUS-QA-10" name="com.focus.testcases.UnitConversionTest" tests="3" failures="0" timestamp="26 Dec 2022 17:33:20 GMT" time="47.762" errors="0">
  <testcase name="checkUpdatingUnitConversion" time="18.014" classname="com.focus.testcases.UnitConversionTest"/>
  <testcase name="checkSavingUnitConversion" time="9.349" classname="com.focus.testcases.UnitConversionTest"/>
  <testcase name="checkDeletingUnitConversion" time="20.399" classname="com.focus.testcases.UnitConversionTest"/>
</testsuite> <!-- com.focus.testcases.UnitConversionTest -->
