<?xml version="1.0" encoding="UTF-8"?>
<!-- Generated by org.testng.reporters.JUnitReportReporter -->
<testsuite hostname="FOCUS-QA-10" name="com.focus.testcases.DocumentNumberingTest" tests="4" failures="0" timestamp="25 Mar 2022 12:00:59 GMT" time="139.287" errors="0">
  <testcase name="checkSavingRecepitsVATVocher2withChangedDocumentNumber" time="43.636" classname="com.focus.testcases.DocumentNumberingTest"/>
  <testcase name="checkSavingRecepitsVATVocher1withDocumentNumber" time="32.317" classname="com.focus.testcases.DocumentNumberingTest"/>
  <testcase name="checkSavingRecepitsVATVocher3withChangedDocumentNumber" time="36.745" classname="com.focus.testcases.DocumentNumberingTest"/>
  <testcase name="checkNavigateToDocumentNumberingTabInReceiptsVATVoucher" time="26.589" classname="com.focus.testcases.DocumentNumberingTest"/>
</testsuite> <!-- com.focus.testcases.DocumentNumberingTest -->
