<?xml version="1.0" encoding="UTF-8"?>
<!-- Generated by org.testng.reporters.JUnitReportReporter -->
<testsuite hostname="FOCUS-QA-10" name="com.focus.testcases.UnitsTest" tests="5" failures="0" timestamp="26 Dec 2022 17:33:20 GMT" time="40.824" errors="0">
  <testcase name="checkEditingInSavedUnitsINUnitsMaster" time="8.890" classname="com.focus.testcases.UnitsTest"/>
  <testcase name="checkUnitMasterInMAsterMenu" time="2.859" classname="com.focus.testcases.UnitsTest"/>
  <testcase name="checkSavingUnitsInUnitsMaster" time="11.846" classname="com.focus.testcases.UnitsTest"/>
  <testcase name="checkUpdatedUnitsMasterDisplayInUnits" time="2.241" classname="com.focus.testcases.UnitsTest"/>
  <testcase name="checkDeleteUnitsInUnitsMaster" time="14.988" classname="com.focus.testcases.UnitsTest"/>
</testsuite> <!-- com.focus.testcases.UnitsTest -->
