<?xml version="1.0" encoding="UTF-8"?>
<!-- Generated by org.testng.reporters.JUnitReportReporter -->
<testsuite hostname="FOCUS-QA-10" name="com.focus.testcases.LoginPageTest" tests="3" failures="0" timestamp="3 Jan 2023 08:29:17 GMT" time="11.219" errors="0">
  <testcase name="checkLoginPageAvailablityOfFields" time="0.786" classname="com.focus.testcases.LoginPageTest"/>
  <testcase name="checkSignInBtnWithValidUserNameAndValidPassword" time="10.382" classname="com.focus.testcases.LoginPageTest"/>
  <testcase name="checkCompanyTextDisplayInCompanyListDropdown" time="0.051" classname="com.focus.testcases.LoginPageTest"/>
</testsuite> <!-- com.focus.testcases.LoginPageTest -->
