<?xml version="1.0" encoding="UTF-8"?>
<!-- Generated by org.testng.reporters.JUnitReportReporter -->
<testsuite hostname="FOCUS-QA-10" name="com.focus.testcases.CurrencyTest" tests="3" failures="0" timestamp="26 Dec 2022 17:33:20 GMT" time="26.287" errors="0">
  <testcase name="checkUpdatingISOCurrencyCodeSLLCoinName" time="11.064" classname="com.focus.testcases.CurrencyTest"/>
  <testcase name="checkOpenCurrencyMenu" time="6.430" classname="com.focus.testcases.CurrencyTest"/>
  <testcase name="checkUpdatingAgainISOCurrencyCodeSLLCoinName" time="8.793" classname="com.focus.testcases.CurrencyTest"/>
</testsuite> <!-- com.focus.testcases.CurrencyTest -->
