<?xml version="1.0" encoding="UTF-8"?>
<!-- Generated by org.testng.reporters.JUnitReportReporter -->
<testsuite hostname="FOCUS-QA-10" name="com.focus.testcases.URLBrowserTest" tests="2" failures="0" timestamp="3 Jan 2023 08:29:17 GMT" time="10.812" errors="0">
  <testcase name="verifyBrowserOpen" time="6.889" classname="com.focus.testcases.URLBrowserTest"/>
  <testcase name="checkLoginPageTitleByURLInputInBrowser" time="3.923" classname="com.focus.testcases.URLBrowserTest"/>
</testsuite> <!-- com.focus.testcases.URLBrowserTest -->
