<?xml version="1.0" encoding="UTF-8"?>
<!-- Generated by org.testng.reporters.JUnitReportReporter -->
<testsuite hostname="FOCUS-QA-4" name="com.focus.testcases.MastersTest" tests="55" failures="0" timestamp="22 Jun 2021 16:50:35 GMT" time="709.298" errors="0">
  <testcase name="checkEditingInSavedUnitsINUnitsMaster" time="2.685" classname="com.focus.testcases.MastersTest"/>
  <testcase name="checkDeleteInDepartmentMaster" time="7.156" classname="com.focus.testcases.MastersTest"/>
  <testcase name="checkSavingUnitsInUnitsMaster" time="22.000" classname="com.focus.testcases.MastersTest"/>
  <testcase name="verifyUpdateSimplePasswordPolicy" time="5.545" classname="com.focus.testcases.MastersTest"/>
  <testcase name="checkDeleteInWarehouseInWarehouseMaster" time="7.248" classname="com.focus.testcases.MastersTest"/>
  <testcase name="checkUpdatingThreSavedProfile" time="35.031" classname="com.focus.testcases.MastersTest"/>
  <testcase name="checkEditingInSavedBinsINBinsMaster" time="3.101" classname="com.focus.testcases.MastersTest"/>
  <testcase name="checkSavingUnitConversion" time="6.361" classname="com.focus.testcases.MastersTest"/>
  <testcase name="checkUpdatingBuyerPriceBook" time="6.504" classname="com.focus.testcases.MastersTest"/>
  <testcase name="checkDeletingTransactionAuthorizationInPurchaseReturns" time="12.788" classname="com.focus.testcases.MastersTest"/>
  <testcase name="checkSavingTransactionAuthorizationInPurchaseReturns" time="32.908" classname="com.focus.testcases.MastersTest"/>
  <testcase name="checkSavingWarehouseInWarehouseMaster" time="11.638" classname="com.focus.testcases.MastersTest"/>
  <testcase name="checkEditingSavedTestWorkFlow" time="6.429" classname="com.focus.testcases.MastersTest"/>
  <testcase name="checkExchangeRateHistoryLoadButtonWithBaseCurrency" time="15.331" classname="com.focus.testcases.MastersTest"/>
  <testcase name="checkCreateUserWithRestrictionsForAccount" time="42.669" classname="com.focus.testcases.MastersTest"/>
  <testcase name="checkCompareAndDeleteUpdatedRole" time="8.520" classname="com.focus.testcases.MastersTest"/>
  <testcase name="checkDeleteInBinsInBinsMaster" time="7.179" classname="com.focus.testcases.MastersTest"/>
  <testcase name="checkEditingInSavedAccountINAccountMaster" time="5.515" classname="com.focus.testcases.MastersTest"/>
  <testcase name="checkSavingAccountINAccountMaster" time="7.793" classname="com.focus.testcases.MastersTest"/>
  <testcase name="verifyPasswordPolicyTestSave" time="9.424" classname="com.focus.testcases.MastersTest"/>
  <testcase name="checkDeletingUnitConversion" time="15.381" classname="com.focus.testcases.MastersTest"/>
  <testcase name="checkUpdatingISOCurrencyCodeSLLCoinName" time="12.304" classname="com.focus.testcases.MastersTest"/>
  <testcase name="checkDeleteUnitsInUnitsMaster" time="7.149" classname="com.focus.testcases.MastersTest"/>
  <testcase name="checkSaveingRoleWithAllfieldsInAllTabs" time="22.379" classname="com.focus.testcases.MastersTest"/>
  <testcase name="checkEditingInSavedWarehouseINWarehouseMaster" time="3.208" classname="com.focus.testcases.MastersTest"/>
  <testcase name="checkSavingBinsInBinsMaster" time="15.451" classname="com.focus.testcases.MastersTest"/>
  <testcase name="checkExchangeRateHistoryAfterUpdating" time="16.525" classname="com.focus.testcases.MastersTest"/>
  <testcase name="checkDeletingTestWorkFlow" time="4.263" classname="com.focus.testcases.MastersTest"/>
  <testcase name="checkDeleteItemInItemMaster" time="7.572" classname="com.focus.testcases.MastersTest"/>
  <testcase name="checkSavingMasterAuthorization" time="33.502" classname="com.focus.testcases.MastersTest"/>
  <testcase name="checkDeletingBuyerPriceBook" time="5.678" classname="com.focus.testcases.MastersTest"/>
  <testcase name="checkUpdatingSellerPriceBook" time="6.498" classname="com.focus.testcases.MastersTest"/>
  <testcase name="checkDeletingMasterAuthorization" time="10.170" classname="com.focus.testcases.MastersTest"/>
  <testcase name="checkSavingBuyerPriceBook" time="17.160" classname="com.focus.testcases.MastersTest"/>
  <testcase name="checkUpdatingTheCreatedUser" time="9.466" classname="com.focus.testcases.MastersTest"/>
  <testcase name="checkDeletingSellerPriceBook" time="5.625" classname="com.focus.testcases.MastersTest"/>
  <testcase name="checkEditingInSavedDepartmentINDepartmentMaster" time="2.768" classname="com.focus.testcases.MastersTest"/>
  <testcase name="checkEditAndUpdateSavedRole" time="11.144" classname="com.focus.testcases.MastersTest"/>
  <testcase name="checkDeleteUpdatedProfile" time="6.289" classname="com.focus.testcases.MastersTest"/>
  <testcase name="checkUpdatingAgainISOCurrencyCodeSLLCoinName" time="3.903" classname="com.focus.testcases.MastersTest"/>
  <testcase name="checkEditingInSavedItemINItemMaster" time="3.798" classname="com.focus.testcases.MastersTest"/>
  <testcase name="checkSavingSellerPriceBook" time="18.103" classname="com.focus.testcases.MastersTest"/>
  <testcase name="checkDeleteOptionInExchangeRate" time="15.400" classname="com.focus.testcases.MastersTest"/>
  <testcase name="checkSavingItemInItemMaster" time="16.902" classname="com.focus.testcases.MastersTest"/>
  <testcase name="checkUpdatingUnitConversion" time="8.816" classname="com.focus.testcases.MastersTest"/>
  <testcase name="checkUpdateExchangeRate" time="17.769" classname="com.focus.testcases.MastersTest"/>
  <testcase name="checkEditingMasterAuthorization" time="27.235" classname="com.focus.testcases.MastersTest"/>
  <testcase name="checkDeletingUpdatedUser" time="10.580" classname="com.focus.testcases.MastersTest"/>
  <testcase name="checkSavingTestWorkFlow" time="22.990" classname="com.focus.testcases.MastersTest"/>
  <testcase name="checkDeleteAccountInAccountMaster" time="11.911" classname="com.focus.testcases.MastersTest"/>
  <testcase name="checkSavingCurrencyExchnageRate" time="4.092" classname="com.focus.testcases.MastersTest"/>
  <testcase name="checkEditingTransactionAuthorizationInPurchaseReturns" time="29.778" classname="com.focus.testcases.MastersTest"/>
  <testcase name="verifyAlertOnDeletePasswordPolicy" time="5.650" classname="com.focus.testcases.MastersTest"/>
  <testcase name="CheckSavingAllProfileSTwithAlloptionsEnabled" time="29.104" classname="com.focus.testcases.MastersTest"/>
  <testcase name="checkSavingDepartmentInDepartmentMaster" time="14.910" classname="com.focus.testcases.MastersTest"/>
</testsuite> <!-- com.focus.testcases.MastersTest -->
